<?xml version="1.0" encoding="UTF-8"?>
<testsuite xmlns:xsi="http://www.w3.org/2001/XMLSchema-instance" xsi:noNamespaceSchemaLocation="https://maven.apache.org/surefire/maven-surefire-plugin/xsd/surefire-test-report.xsd" version="3.0.2" name="com.messagebrokers.message_broker_lab.kafka.KafkaConnectionTest" time="60.51" tests="1" errors="1" skipped="0" failures="0">
  <properties>
[...]
</properties>
  <testcase name="testKafkaConnectionAndJsonMapMessage" classname="com.messagebrokers.message_broker_lab.kafka.KafkaConnectionTest" time="60.023">
    <error message="Send failed" type="org.springframework.kafka.KafkaException"><![CDATA[org.springframework.kafka.KafkaException: Send failed
	at org.springframework.kafka.core.KafkaTemplate.doSend(KafkaTemplate.java:863)
	at org.springframework.kafka.core.KafkaTemplate.observeSend(KafkaTemplate.java:820)
	at org.springframework.kafka.core.KafkaTemplate.send(KafkaTemplate.java:597)
	at com.messagebrokers.message_broker_lab.kafka.KafkaConnectionTest.testKafkaConnectionAndJsonMapMessage(KafkaConnectionTest.java:39)
	at java.base/java.lang.reflect.Method.invoke(Method.java:580)
	at java.base/java.util.ArrayList.forEach(ArrayList.java:1596)
	at java.base/java.util.ArrayList.forEach(ArrayList.java:1596)
Caused by: org.apache.kafka.common.errors.TimeoutException: Topic test-topic not present in metadata after 60000 ms.
]]></error>
    <system-out><![CDATA[2025-06-09T15:09:31.715+01:00  INFO 19772 --- [message-broker-lab] [           main] t.c.s.AnnotationConfigContextLoaderUtils : Could not detect default configuration classes for test class [com.messagebrokers.message_broker_lab.kafka.KafkaConnectionTest]: KafkaConnectionTest does not declare any static, non-private, non-final, nested classes annotated with @Configuration.
2025-06-09T15:09:31.730+01:00  INFO 19772 --- [message-broker-lab] [           main] .b.t.c.SpringBootTestContextBootstrapper : Found @SpringBootConfiguration com.messagebrokers.message_broker_lab.MessageBrokerLabApplication for test class com.messagebrokers.message_broker_lab.kafka.KafkaConnectionTest

  .   ____          _            __ _ _
 /\\ / ___'_ __ _ _(_)_ __  __ _ \ \ \ \
( ( )\___ | '_ | '_| | '_ \/ _` | \ \ \ \
 \\/  ___)| |_)| | | | | || (_| |  ) ) ) )
  '  |____| .__|_| |_|_| |_\__, | / / / /
 =========|_|==============|___/=/_/_/_/

 :: Spring Boot ::                (v3.5.0)

2025-06-09T15:09:31.763+01:00  INFO 19772 --- [message-broker-lab] [           main] c.m.m.kafka.KafkaConnectionTest          : Starting KafkaConnectionTest using Java 21.0.1 with PID 19772 (started by tlopes in C:\Users\tlopes\Documents\Projects\message-broker-lab\message-broker-lab\message-broker-lab)
2025-06-09T15:09:31.763+01:00  INFO 19772 --- [message-broker-lab] [           main] c.m.m.kafka.KafkaConnectionTest          : No active profile set, falling back to 1 default profile: "default"
2025-06-09T15:09:31.996+01:00  INFO 19772 --- [message-broker-lab] [           main] c.r.stream.impl.StreamEnvironment        : Connecting to localhost with guest user, assuming development environment
2025-06-09T15:09:31.996+01:00  INFO 19772 --- [message-broker-lab] [           main] c.r.stream.impl.StreamEnvironment        : Using address resolver to always connect to localhost
2025-06-09T15:09:32.173+01:00  INFO 19772 --- [message-broker-lab] [           main] o.a.k.clients.consumer.ConsumerConfig    : ConsumerConfig values: 
	allow.auto.create.topics = true
	auto.commit.interval.ms = 5000
	auto.include.jmx.reporter = true
	auto.offset.reset = earliest
	bootstrap.servers = [localhost:9092]
	check.crcs = true
	client.dns.lookup = use_all_dns_ips
	client.id = consumer-test-7
	client.rack = 
	connections.max.idle.ms = 540000
	default.api.timeout.ms = 60000
	enable.auto.commit = false
	enable.metrics.push = true
	exclude.internal.topics = true
	fetch.max.bytes = 52428800
	fetch.max.wait.ms = 500
	fetch.min.bytes = 1
	group.id = test
	group.instance.id = null
	group.protocol = classic
	group.remote.assignor = null
	heartbeat.interval.ms = 3000
	interceptor.classes = []
	internal.leave.group.on.close = true
	internal.throw.on.fetch.stable.offset.unsupported = false
	isolation.level = read_uncommitted
	key.deserializer = class org.apache.kafka.common.serialization.StringDeserializer
	max.partition.fetch.bytes = 1048576
	max.poll.interval.ms = 300000
	max.poll.records = 500
	metadata.max.age.ms = 300000
	metadata.recovery.strategy = none
	metric.reporters = []
	metrics.num.samples = 2
	metrics.recording.level = INFO
	metrics.sample.window.ms = 30000
	partition.assignment.strategy = [class org.apache.kafka.clients.consumer.RangeAssignor, class org.apache.kafka.clients.consumer.CooperativeStickyAssignor]
	receive.buffer.bytes = 65536
	reconnect.backoff.max.ms = 1000
	reconnect.backoff.ms = 50
	request.timeout.ms = 30000
	retry.backoff.max.ms = 1000
	retry.backoff.ms = 100
	sasl.client.callback.handler.class = null
	sasl.jaas.config = null
	sasl.kerberos.kinit.cmd = /usr/bin/kinit
	sasl.kerberos.min.time.before.relogin = 60000
	sasl.kerberos.service.name = null
	sasl.kerberos.ticket.renew.jitter = 0.05
	sasl.kerberos.ticket.renew.window.factor = 0.8
	sasl.login.callback.handler.class = null
	sasl.login.class = null
	sasl.login.connect.timeout.ms = null
	sasl.login.read.timeout.ms = null
	sasl.login.refresh.buffer.seconds = 300
	sasl.login.refresh.min.period.seconds = 60
	sasl.login.refresh.window.factor = 0.8
	sasl.login.refresh.window.jitter = 0.05
	sasl.login.retry.backoff.max.ms = 10000
	sasl.login.retry.backoff.ms = 100
	sasl.mechanism = GSSAPI
	sasl.oauthbearer.clock.skew.seconds = 30
	sasl.oauthbearer.expected.audience = null
	sasl.oauthbearer.expected.issuer = null
	sasl.oauthbearer.header.urlencode = false
	sasl.oauthbearer.jwks.endpoint.refresh.ms = 3600000
	sasl.oauthbearer.jwks.endpoint.retry.backoff.max.ms = 10000
	sasl.oauthbearer.jwks.endpoint.retry.backoff.ms = 100
	sasl.oauthbearer.jwks.endpoint.url = null
	sasl.oauthbearer.scope.claim.name = scope
	sasl.oauthbearer.sub.claim.name = sub
	sasl.oauthbearer.token.endpoint.url = null
	security.protocol = PLAINTEXT
	security.providers = null
	send.buffer.bytes = 131072
	session.timeout.ms = 45000
	socket.connection.setup.timeout.max.ms = 30000
	socket.connection.setup.timeout.ms = 10000
	ssl.cipher.suites = null
	ssl.enabled.protocols = [TLSv1.2, TLSv1.3]
	ssl.endpoint.identification.algorithm = https
	ssl.engine.factory.class = null
	ssl.key.password = null
	ssl.keymanager.algorithm = SunX509
	ssl.keystore.certificate.chain = null
	ssl.keystore.key = null
	ssl.keystore.location = null
	ssl.keystore.password = null
	ssl.keystore.type = JKS
	ssl.protocol = TLSv1.3
	ssl.provider = null
	ssl.secure.random.implementation = null
	ssl.trustmanager.algorithm = PKIX
	ssl.truststore.certificates = null
	ssl.truststore.location = null
	ssl.truststore.password = null
	ssl.truststore.type = JKS
	value.deserializer = class org.springframework.kafka.support.serializer.JsonDeserializer

2025-06-09T15:09:32.173+01:00  INFO 19772 --- [message-broker-lab] [           main] o.a.k.c.t.i.KafkaMetricsCollector        : initializing Kafka metrics collector
2025-06-09T15:09:32.177+01:00  INFO 19772 --- [message-broker-lab] [           main] o.a.kafka.common.utils.AppInfoParser     : Kafka version: 3.9.1
2025-06-09T15:09:32.177+01:00  INFO 19772 --- [message-broker-lab] [           main] o.a.kafka.common.utils.AppInfoParser     : Kafka commitId: f745dfdcee2b9851
2025-06-09T15:09:32.177+01:00  INFO 19772 --- [message-broker-lab] [           main] o.a.kafka.common.utils.AppInfoParser     : Kafka startTimeMs: 1749478172177
2025-06-09T15:09:32.177+01:00  INFO 19772 --- [message-broker-lab] [           main] o.a.k.c.c.i.ClassicKafkaConsumer         : [Consumer clientId=consumer-test-7, groupId=test] Subscribed to topic(s): topic-one
2025-06-09T15:09:32.179+01:00  INFO 19772 --- [message-broker-lab] [           main] o.a.k.clients.consumer.ConsumerConfig    : ConsumerConfig values: 
	allow.auto.create.topics = true
	auto.commit.interval.ms = 5000
	auto.include.jmx.reporter = true
	auto.offset.reset = earliest
	bootstrap.servers = [localhost:9092]
	check.crcs = true
	client.dns.lookup = use_all_dns_ips
	client.id = consumer-test-8
	client.rack = 
	connections.max.idle.ms = 540000
	default.api.timeout.ms = 60000
	enable.auto.commit = false
	enable.metrics.push = true
	exclude.internal.topics = true
	fetch.max.bytes = 52428800
	fetch.max.wait.ms = 500
	fetch.min.bytes = 1
	group.id = test
	group.instance.id = null
	group.protocol = classic
	group.remote.assignor = null
	heartbeat.interval.ms = 3000
	interceptor.classes = []
	internal.leave.group.on.close = true
	internal.throw.on.fetch.stable.offset.unsupported = false
	isolation.level = read_uncommitted
	key.deserializer = class org.apache.kafka.common.serialization.StringDeserializer
	max.partition.fetch.bytes = 1048576
	max.poll.interval.ms = 300000
	max.poll.records = 500
	metadata.max.age.ms = 300000
	metadata.recovery.strategy = none
	metric.reporters = []
	metrics.num.samples = 2
	metrics.recording.level = INFO
	metrics.sample.window.ms = 30000
	partition.assignment.strategy = [class org.apache.kafka.clients.consumer.RangeAssignor, class org.apache.kafka.clients.consumer.CooperativeStickyAssignor]
	receive.buffer.bytes = 65536
	reconnect.backoff.max.ms = 1000
	reconnect.backoff.ms = 50
	request.timeout.ms = 30000
	retry.backoff.max.ms = 1000
	retry.backoff.ms = 100
	sasl.client.callback.handler.class = null
	sasl.jaas.config = null
	sasl.kerberos.kinit.cmd = /usr/bin/kinit
	sasl.kerberos.min.time.before.relogin = 60000
	sasl.kerberos.service.name = null
	sasl.kerberos.ticket.renew.jitter = 0.05
	sasl.kerberos.ticket.renew.window.factor = 0.8
	sasl.login.callback.handler.class = null
	sasl.login.class = null
	sasl.login.connect.timeout.ms = null
	sasl.login.read.timeout.ms = null
	sasl.login.refresh.buffer.seconds = 300
	sasl.login.refresh.min.period.seconds = 60
	sasl.login.refresh.window.factor = 0.8
	sasl.login.refresh.window.jitter = 0.05
	sasl.login.retry.backoff.max.ms = 10000
	sasl.login.retry.backoff.ms = 100
	sasl.mechanism = GSSAPI
	sasl.oauthbearer.clock.skew.seconds = 30
	sasl.oauthbearer.expected.audience = null
	sasl.oauthbearer.expected.issuer = null
	sasl.oauthbearer.header.urlencode = false
	sasl.oauthbearer.jwks.endpoint.refresh.ms = 3600000
	sasl.oauthbearer.jwks.endpoint.retry.backoff.max.ms = 10000
	sasl.oauthbearer.jwks.endpoint.retry.backoff.ms = 100
	sasl.oauthbearer.jwks.endpoint.url = null
	sasl.oauthbearer.scope.claim.name = scope
	sasl.oauthbearer.sub.claim.name = sub
	sasl.oauthbearer.token.endpoint.url = null
	security.protocol = PLAINTEXT
	security.providers = null
	send.buffer.bytes = 131072
	session.timeout.ms = 45000
	socket.connection.setup.timeout.max.ms = 30000
	socket.connection.setup.timeout.ms = 10000
	ssl.cipher.suites = null
	ssl.enabled.protocols = [TLSv1.2, TLSv1.3]
	ssl.endpoint.identification.algorithm = https
	ssl.engine.factory.class = null
	ssl.key.password = null
	ssl.keymanager.algorithm = SunX509
	ssl.keystore.certificate.chain = null
	ssl.keystore.key = null
	ssl.keystore.location = null
	ssl.keystore.password = null
	ssl.keystore.type = JKS
	ssl.protocol = TLSv1.3
	ssl.provider = null
	ssl.secure.random.implementation = null
	ssl.trustmanager.algorithm = PKIX
	ssl.truststore.certificates = null
	ssl.truststore.location = null
	ssl.truststore.password = null
	ssl.truststore.type = JKS
	value.deserializer = class org.springframework.kafka.support.serializer.JsonDeserializer

2025-06-09T15:09:32.179+01:00  INFO 19772 --- [message-broker-lab] [           main] o.a.k.c.t.i.KafkaMetricsCollector        : initializing Kafka metrics collector
2025-06-09T15:09:32.184+01:00  INFO 19772 --- [message-broker-lab] [           main] o.a.kafka.common.utils.AppInfoParser     : Kafka version: 3.9.1
2025-06-09T15:09:32.184+01:00  INFO 19772 --- [message-broker-lab] [           main] o.a.kafka.common.utils.AppInfoParser     : Kafka commitId: f745dfdcee2b9851
2025-06-09T15:09:32.184+01:00  INFO 19772 --- [message-broker-lab] [           main] o.a.kafka.common.utils.AppInfoParser     : Kafka startTimeMs: 1749478172184
2025-06-09T15:09:32.184+01:00  INFO 19772 --- [message-broker-lab] [           main] o.a.k.c.c.i.ClassicKafkaConsumer         : [Consumer clientId=consumer-test-8, groupId=test] Subscribed to topic(s): topic-two
2025-06-09T15:09:32.187+01:00  INFO 19772 --- [message-broker-lab] [           main] c.m.m.kafka.KafkaConnectionTest          : Started KafkaConnectionTest in 0.449 seconds (process running for 7.814)
2025-06-09T15:09:32.191+01:00  INFO 19772 --- [message-broker-lab] [           main] o.a.k.clients.consumer.ConsumerConfig    : ConsumerConfig values: 
	allow.auto.create.topics = true
	auto.commit.interval.ms = 5000
	auto.include.jmx.reporter = true
	auto.offset.reset = earliest
	bootstrap.servers = [localhost:9092]
	check.crcs = true
	client.dns.lookup = use_all_dns_ips
	client.id = consumer-test-group-9
	client.rack = 
	connections.max.idle.ms = 540000
	default.api.timeout.ms = 60000
	enable.auto.commit = false
	enable.metrics.push = true
	exclude.internal.topics = true
	fetch.max.bytes = 52428800
	fetch.max.wait.ms = 500
	fetch.min.bytes = 1
	group.id = test-group
	group.instance.id = null
	group.protocol = classic
	group.remote.assignor = null
	heartbeat.interval.ms = 3000
	interceptor.classes = []
	internal.leave.group.on.close = true
	internal.throw.on.fetch.stable.offset.unsupported = false
	isolation.level = read_uncommitted
	key.deserializer = class org.apache.kafka.common.serialization.StringDeserializer
	max.partition.fetch.bytes = 1048576
	max.poll.interval.ms = 300000
	max.poll.records = 500
	metadata.max.age.ms = 300000
	metadata.recovery.strategy = none
	metric.reporters = []
	metrics.num.samples = 2
	metrics.recording.level = INFO
	metrics.sample.window.ms = 30000
	partition.assignment.strategy = [class org.apache.kafka.clients.consumer.RangeAssignor, class org.apache.kafka.clients.consumer.CooperativeStickyAssignor]
	receive.buffer.bytes = 65536
	reconnect.backoff.max.ms = 1000
	reconnect.backoff.ms = 50
	request.timeout.ms = 30000
	retry.backoff.max.ms = 1000
	retry.backoff.ms = 100
	sasl.client.callback.handler.class = null
	sasl.jaas.config = null
	sasl.kerberos.kinit.cmd = /usr/bin/kinit
	sasl.kerberos.min.time.before.relogin = 60000
	sasl.kerberos.service.name = null
	sasl.kerberos.ticket.renew.jitter = 0.05
	sasl.kerberos.ticket.renew.window.factor = 0.8
	sasl.login.callback.handler.class = null
	sasl.login.class = null
	sasl.login.connect.timeout.ms = null
	sasl.login.read.timeout.ms = null
	sasl.login.refresh.buffer.seconds = 300
	sasl.login.refresh.min.period.seconds = 60
	sasl.login.refresh.window.factor = 0.8
	sasl.login.refresh.window.jitter = 0.05
	sasl.login.retry.backoff.max.ms = 10000
	sasl.login.retry.backoff.ms = 100
	sasl.mechanism = GSSAPI
	sasl.oauthbearer.clock.skew.seconds = 30
	sasl.oauthbearer.expected.audience = null
	sasl.oauthbearer.expected.issuer = null
	sasl.oauthbearer.header.urlencode = false
	sasl.oauthbearer.jwks.endpoint.refresh.ms = 3600000
	sasl.oauthbearer.jwks.endpoint.retry.backoff.max.ms = 10000
	sasl.oauthbearer.jwks.endpoint.retry.backoff.ms = 100
	sasl.oauthbearer.jwks.endpoint.url = null
	sasl.oauthbearer.scope.claim.name = scope
	sasl.oauthbearer.sub.claim.name = sub
	sasl.oauthbearer.token.endpoint.url = null
	security.protocol = PLAINTEXT
	security.providers = null
	send.buffer.bytes = 131072
	session.timeout.ms = 45000
	socket.connection.setup.timeout.max.ms = 30000
	socket.connection.setup.timeout.ms = 10000
	ssl.cipher.suites = null
	ssl.enabled.protocols = [TLSv1.2, TLSv1.3]
	ssl.endpoint.identification.algorithm = https
	ssl.engine.factory.class = null
	ssl.key.password = null
	ssl.keymanager.algorithm = SunX509
	ssl.keystore.certificate.chain = null
	ssl.keystore.key = null
	ssl.keystore.location = null
	ssl.keystore.password = null
	ssl.keystore.type = JKS
	ssl.protocol = TLSv1.3
	ssl.provider = null
	ssl.secure.random.implementation = null
	ssl.trustmanager.algorithm = PKIX
	ssl.truststore.certificates = null
	ssl.truststore.location = null
	ssl.truststore.password = null
	ssl.truststore.type = JKS
	value.deserializer = class org.springframework.kafka.support.serializer.JsonDeserializer

2025-06-09T15:09:32.191+01:00  INFO 19772 --- [message-broker-lab] [           main] o.a.k.c.t.i.KafkaMetricsCollector        : initializing Kafka metrics collector
2025-06-09T15:09:32.196+01:00  INFO 19772 --- [message-broker-lab] [           main] o.a.kafka.common.utils.AppInfoParser     : Kafka version: 3.9.1
2025-06-09T15:09:32.196+01:00  INFO 19772 --- [message-broker-lab] [           main] o.a.kafka.common.utils.AppInfoParser     : Kafka commitId: f745dfdcee2b9851
2025-06-09T15:09:32.196+01:00  INFO 19772 --- [message-broker-lab] [           main] o.a.kafka.common.utils.AppInfoParser     : Kafka startTimeMs: 1749478172196
2025-06-09T15:09:32.196+01:00  INFO 19772 --- [message-broker-lab] [           main] o.a.k.c.c.i.ClassicKafkaConsumer         : [Consumer clientId=consumer-test-group-9, groupId=test-group] Subscribed to topic(s): test-topic
2025-06-09T15:09:32.199+01:00  INFO 19772 --- [message-broker-lab] [           main] o.a.k.clients.producer.ProducerConfig    : ProducerConfig values: 
	acks = -1
	auto.include.jmx.reporter = true
	batch.size = 16384
	bootstrap.servers = [localhost:9092]
	buffer.memory = 33554432
	client.dns.lookup = use_all_dns_ips
	client.id = message-broker-lab-producer-1
	compression.gzip.level = -1
	compression.lz4.level = 9
	compression.type = none
	compression.zstd.level = 3
	connections.max.idle.ms = 540000
	delivery.timeout.ms = 120000
	enable.idempotence = true
	enable.metrics.push = true
	interceptor.classes = []
	key.serializer = class org.apache.kafka.common.serialization.StringSerializer
	linger.ms = 0
	max.block.ms = 60000
	max.in.flight.requests.per.connection = 5
	max.request.size = 1048576
	metadata.max.age.ms = 300000
	metadata.max.idle.ms = 300000
	metadata.recovery.strategy = none
	metric.reporters = []
	metrics.num.samples = 2
	metrics.recording.level = INFO
	metrics.sample.window.ms = 30000
	partitioner.adaptive.partitioning.enable = true
	partitioner.availability.timeout.ms = 0
	partitioner.class = null
	partitioner.ignore.keys = false
	receive.buffer.bytes = 32768
	reconnect.backoff.max.ms = 1000
	reconnect.backoff.ms = 50
	request.timeout.ms = 30000
	retries = 2147483647
	retry.backoff.max.ms = 1000
	retry.backoff.ms = 100
	sasl.client.callback.handler.class = null
	sasl.jaas.config = null
	sasl.kerberos.kinit.cmd = /usr/bin/kinit
	sasl.kerberos.min.time.before.relogin = 60000
	sasl.kerberos.service.name = null
	sasl.kerberos.ticket.renew.jitter = 0.05
	sasl.kerberos.ticket.renew.window.factor = 0.8
	sasl.login.callback.handler.class = null
	sasl.login.class = null
	sasl.login.connect.timeout.ms = null
	sasl.login.read.timeout.ms = null
	sasl.login.refresh.buffer.seconds = 300
	sasl.login.refresh.min.period.seconds = 60
	sasl.login.refresh.window.factor = 0.8
	sasl.login.refresh.window.jitter = 0.05
	sasl.login.retry.backoff.max.ms = 10000
	sasl.login.retry.backoff.ms = 100
	sasl.mechanism = GSSAPI
	sasl.oauthbearer.clock.skew.seconds = 30
	sasl.oauthbearer.expected.audience = null
	sasl.oauthbearer.expected.issuer = null
	sasl.oauthbearer.header.urlencode = false
	sasl.oauthbearer.jwks.endpoint.refresh.ms = 3600000
	sasl.oauthbearer.jwks.endpoint.retry.backoff.max.ms = 10000
	sasl.oauthbearer.jwks.endpoint.retry.backoff.ms = 100
	sasl.oauthbearer.jwks.endpoint.url = null
	sasl.oauthbearer.scope.claim.name = scope
	sasl.oauthbearer.sub.claim.name = sub
	sasl.oauthbearer.token.endpoint.url = null
	security.protocol = PLAINTEXT
	security.providers = null
	send.buffer.bytes = 131072
	socket.connection.setup.timeout.max.ms = 30000
	socket.connection.setup.timeout.ms = 10000
	ssl.cipher.suites = null
	ssl.enabled.protocols = [TLSv1.2, TLSv1.3]
	ssl.endpoint.identification.algorithm = https
	ssl.engine.factory.class = null
	ssl.key.password = null
	ssl.keymanager.algorithm = SunX509
	ssl.keystore.certificate.chain = null
	ssl.keystore.key = null
	ssl.keystore.location = null
	ssl.keystore.password = null
	ssl.keystore.type = JKS
	ssl.protocol = TLSv1.3
	ssl.provider = null
	ssl.secure.random.implementation = null
	ssl.trustmanager.algorithm = PKIX
	ssl.truststore.certificates = null
	ssl.truststore.location = null
	ssl.truststore.password = null
	ssl.truststore.type = JKS
	transaction.timeout.ms = 60000
	transactional.id = null
	value.serializer = class org.springframework.kafka.support.serializer.JsonSerializer

2025-06-09T15:09:32.199+01:00  INFO 19772 --- [message-broker-lab] [           main] o.a.k.c.t.i.KafkaMetricsCollector        : initializing Kafka metrics collector
2025-06-09T15:09:32.200+01:00  INFO 19772 --- [message-broker-lab] [           main] o.a.k.clients.producer.KafkaProducer     : [Producer clientId=message-broker-lab-producer-1] Instantiated an idempotent producer.
2025-06-09T15:09:32.204+01:00  INFO 19772 --- [message-broker-lab] [           main] o.a.kafka.common.utils.AppInfoParser     : The mbean of App info: [kafka.producer], id: [message-broker-lab-producer-1] already exists, so skipping a new mbean creation.
2025-06-09T15:09:32.862+01:00  INFO 19772 --- [message-broker-lab] [er-event-thread] kafka.controller.KafkaController         : [Controller id=0] Processing automatic preferred replica leader election
2025-06-09T15:09:33.910+01:00  INFO 19772 --- [message-broker-lab] [ntainer#2-0-C-1] o.a.k.c.c.internals.ConsumerCoordinator  : [Consumer clientId=consumer-test-group-3, groupId=test-group] Request joining group due to: group is already rebalancing
2025-06-09T15:09:33.910+01:00  INFO 19772 --- [message-broker-lab] [ntainer#3-0-C-1] o.a.k.c.c.internals.ConsumerCoordinator  : [Consumer clientId=consumer-test-group-4, groupId=test-group] Request joining group due to: group is already rebalancing
2025-06-09T15:09:33.916+01:00  INFO 19772 --- [message-broker-lab] [ntainer#2-0-C-1] k.c.c.i.ConsumerRebalanceListenerInvoker : [Consumer clientId=consumer-test-group-3, groupId=test-group] Revoke previously assigned partitions topic-one-0
2025-06-09T15:09:33.916+01:00  INFO 19772 --- [message-broker-lab] [ntainer#3-0-C-1] k.c.c.i.ConsumerRebalanceListenerInvoker : [Consumer clientId=consumer-test-group-4, groupId=test-group] Revoke previously assigned partitions topic-two-0
2025-06-09T15:09:33.917+01:00  INFO 19772 --- [message-broker-lab] [ntainer#2-0-C-1] o.s.k.l.KafkaMessageListenerContainer    : test-group: partitions revoked: [topic-one-0]
2025-06-09T15:09:33.917+01:00  INFO 19772 --- [message-broker-lab] [ntainer#3-0-C-1] o.s.k.l.KafkaMessageListenerContainer    : test-group: partitions revoked: [topic-two-0]
2025-06-09T15:09:33.917+01:00  INFO 19772 --- [message-broker-lab] [ntainer#2-0-C-1] o.a.k.c.c.internals.ConsumerCoordinator  : [Consumer clientId=consumer-test-group-3, groupId=test-group] (Re-)joining group
2025-06-09T15:09:33.917+01:00  INFO 19772 --- [message-broker-lab] [ntainer#3-0-C-1] o.a.k.c.c.internals.ConsumerCoordinator  : [Consumer clientId=consumer-test-group-4, groupId=test-group] (Re-)joining group
2025-06-09T15:09:33.921+01:00  INFO 19772 --- [message-broker-lab] [quest-handler-2] k.coordinator.group.GroupCoordinator     : [GroupCoordinator 0]: Stabilized group test-group generation 2 (__consumer_offsets-2) with 4 members
2025-06-09T15:09:33.921+01:00  INFO 19772 --- [message-broker-lab] [ntainer#2-0-C-1] o.a.k.c.c.internals.ConsumerCoordinator  : [Consumer clientId=consumer-test-group-3, groupId=test-group] Successfully joined group with generation Generation{generationId=2, memberId='consumer-test-group-3-0624d5a8-f2f3-4e9f-aec7-ebcf0756bcb3', protocol='range'}
2025-06-09T15:09:33.921+01:00  INFO 19772 --- [message-broker-lab] [ntainer#4-0-C-1] o.a.k.c.c.internals.ConsumerCoordinator  : [Consumer clientId=consumer-test-group-5, groupId=test-group] Successfully joined group with generation Generation{generationId=2, memberId='consumer-test-group-5-741392d4-01b4-4063-8448-2ebb2526f2f8', protocol='range'}
2025-06-09T15:09:33.921+01:00  INFO 19772 --- [message-broker-lab] [ntainer#5-0-C-1] o.a.k.c.c.internals.ConsumerCoordinator  : [Consumer clientId=consumer-test-group-6, groupId=test-group] Successfully joined group with generation Generation{generationId=2, memberId='consumer-test-group-6-5181f0d2-44c7-4b83-98fc-d790c4e8b349', protocol='range'}
2025-06-09T15:09:33.921+01:00  INFO 19772 --- [message-broker-lab] [ntainer#3-0-C-1] o.a.k.c.c.internals.ConsumerCoordinator  : [Consumer clientId=consumer-test-group-4, groupId=test-group] Successfully joined group with generation Generation{generationId=2, memberId='consumer-test-group-4-ee996771-1957-4386-8108-4f6eeb794036', protocol='range'}
2025-06-09T15:09:33.962+01:00  INFO 19772 --- [message-broker-lab] [ntainer#0-0-C-1] o.a.k.c.c.internals.ConsumerCoordinator  : [Consumer clientId=consumer-test-1, groupId=test] Request joining group due to: group is already rebalancing
2025-06-09T15:09:33.962+01:00  INFO 19772 --- [message-broker-lab] [ntainer#0-0-C-1] k.c.c.i.ConsumerRebalanceListenerInvoker : [Consumer clientId=consumer-test-1, groupId=test] Revoke previously assigned partitions topic-one-0
2025-06-09T15:09:33.962+01:00  INFO 19772 --- [message-broker-lab] [ntainer#0-0-C-1] o.s.k.l.KafkaMessageListenerContainer    : test: partitions revoked: [topic-one-0]
2025-06-09T15:09:33.962+01:00  INFO 19772 --- [message-broker-lab] [ntainer#0-0-C-1] o.a.k.c.c.internals.ConsumerCoordinator  : [Consumer clientId=consumer-test-1, groupId=test] (Re-)joining group
2025-06-09T15:09:33.963+01:00  INFO 19772 --- [message-broker-lab] [quest-handler-6] k.coordinator.group.GroupCoordinator     : [GroupCoordinator 0]: Stabilized group test generation 2 (__consumer_offsets-3) with 2 members
2025-06-09T15:09:33.964+01:00  INFO 19772 --- [message-broker-lab] [ntainer#1-0-C-1] o.a.k.c.c.internals.ConsumerCoordinator  : [Consumer clientId=consumer-test-2, groupId=test] Successfully joined group with generation Generation{generationId=2, memberId='consumer-test-2-fa2d607c-7249-4532-85a4-8adf2dd110b3', protocol='range'}
2025-06-09T15:09:33.964+01:00  INFO 19772 --- [message-broker-lab] [ntainer#0-0-C-1] o.a.k.c.c.internals.ConsumerCoordinator  : [Consumer clientId=consumer-test-1, groupId=test] Successfully joined group with generation Generation{generationId=2, memberId='consumer-test-1-29945ace-455c-4452-a8dd-74652f36afaf', protocol='range'}
2025-06-09T15:09:34.169+01:00  INFO 19772 --- [message-broker-lab] [ntainer#0-0-C-1] o.a.k.c.c.internals.ConsumerCoordinator  : [Consumer clientId=consumer-test-1, groupId=test] Finished assignment for group at generation 2: {consumer-test-2-fa2d607c-7249-4532-85a4-8adf2dd110b3=Assignment(partitions=[topic-two-0]), consumer-test-1-29945ace-455c-4452-a8dd-74652f36afaf=Assignment(partitions=[topic-one-0])}
2025-06-09T15:09:34.169+01:00  INFO 19772 --- [message-broker-lab] [ntainer#2-0-C-1] o.a.k.c.c.internals.ConsumerCoordinator  : [Consumer clientId=consumer-test-group-3, groupId=test-group] Finished assignment for group at generation 2: {consumer-test-group-3-0624d5a8-f2f3-4e9f-aec7-ebcf0756bcb3=Assignment(partitions=[topic-one-0]), consumer-test-group-5-741392d4-01b4-4063-8448-2ebb2526f2f8=Assignment(partitions=[]), consumer-test-group-4-ee996771-1957-4386-8108-4f6eeb794036=Assignment(partitions=[topic-two-0]), consumer-test-group-6-5181f0d2-44c7-4b83-98fc-d790c4e8b349=Assignment(partitions=[])}
2025-06-09T15:09:34.170+01:00  INFO 19772 --- [message-broker-lab] [quest-handler-4] k.coordinator.group.GroupCoordinator     : [GroupCoordinator 0]: Assignment received from leader consumer-test-1-29945ace-455c-4452-a8dd-74652f36afaf for group test for generation 2. The group has 2 members, 0 of which are static.
2025-06-09T15:09:34.170+01:00  INFO 19772 --- [message-broker-lab] [quest-handler-3] k.coordinator.group.GroupCoordinator     : [GroupCoordinator 0]: Assignment received from leader consumer-test-group-3-0624d5a8-f2f3-4e9f-aec7-ebcf0756bcb3 for group test-group for generation 2. The group has 4 members, 0 of which are static.
2025-06-09T15:09:34.171+01:00  INFO 19772 --- [message-broker-lab] [ntainer#4-0-C-1] o.a.k.c.c.internals.ConsumerCoordinator  : [Consumer clientId=consumer-test-group-5, groupId=test-group] Successfully synced group in generation Generation{generationId=2, memberId='consumer-test-group-5-741392d4-01b4-4063-8448-2ebb2526f2f8', protocol='range'}
2025-06-09T15:09:34.171+01:00  INFO 19772 --- [message-broker-lab] [ntainer#4-0-C-1] o.a.k.c.c.internals.ConsumerCoordinator  : [Consumer clientId=consumer-test-group-5, groupId=test-group] Notifying assignor about the new Assignment(partitions=[])
2025-06-09T15:09:34.171+01:00  INFO 19772 --- [message-broker-lab] [ntainer#2-0-C-1] o.a.k.c.c.internals.ConsumerCoordinator  : [Consumer clientId=consumer-test-group-3, groupId=test-group] Successfully synced group in generation Generation{generationId=2, memberId='consumer-test-group-3-0624d5a8-f2f3-4e9f-aec7-ebcf0756bcb3', protocol='range'}
2025-06-09T15:09:34.171+01:00  INFO 19772 --- [message-broker-lab] [ntainer#3-0-C-1] o.a.k.c.c.internals.ConsumerCoordinator  : [Consumer clientId=consumer-test-group-4, groupId=test-group] Successfully synced group in generation Generation{generationId=2, memberId='consumer-test-group-4-ee996771-1957-4386-8108-4f6eeb794036', protocol='range'}
2025-06-09T15:09:34.171+01:00  INFO 19772 --- [message-broker-lab] [ntainer#4-0-C-1] k.c.c.i.ConsumerRebalanceListenerInvoker : [Consumer clientId=consumer-test-group-5, groupId=test-group] Adding newly assigned partitions: 
2025-06-09T15:09:34.172+01:00  INFO 19772 --- [message-broker-lab] [ntainer#4-0-C-1] o.s.k.l.KafkaMessageListenerContainer    : test-group: partitions assigned: []
2025-06-09T15:09:34.172+01:00  INFO 19772 --- [message-broker-lab] [ntainer#2-0-C-1] o.a.k.c.c.internals.ConsumerCoordinator  : [Consumer clientId=consumer-test-group-3, groupId=test-group] Notifying assignor about the new Assignment(partitions=[topic-one-0])
2025-06-09T15:09:34.172+01:00  INFO 19772 --- [message-broker-lab] [ntainer#5-0-C-1] o.a.k.c.c.internals.ConsumerCoordinator  : [Consumer clientId=consumer-test-group-6, groupId=test-group] Successfully synced group in generation Generation{generationId=2, memberId='consumer-test-group-6-5181f0d2-44c7-4b83-98fc-d790c4e8b349', protocol='range'}
2025-06-09T15:09:34.172+01:00  INFO 19772 --- [message-broker-lab] [ntainer#3-0-C-1] o.a.k.c.c.internals.ConsumerCoordinator  : [Consumer clientId=consumer-test-group-4, groupId=test-group] Notifying assignor about the new Assignment(partitions=[topic-two-0])
2025-06-09T15:09:34.172+01:00  INFO 19772 --- [message-broker-lab] [ntainer#2-0-C-1] k.c.c.i.ConsumerRebalanceListenerInvoker : [Consumer clientId=consumer-test-group-3, groupId=test-group] Adding newly assigned partitions: topic-one-0
2025-06-09T15:09:34.172+01:00  INFO 19772 --- [message-broker-lab] [ntainer#3-0-C-1] k.c.c.i.ConsumerRebalanceListenerInvoker : [Consumer clientId=consumer-test-group-4, groupId=test-group] Adding newly assigned partitions: topic-two-0
2025-06-09T15:09:34.172+01:00  INFO 19772 --- [message-broker-lab] [ntainer#5-0-C-1] o.a.k.c.c.internals.ConsumerCoordinator  : [Consumer clientId=consumer-test-group-6, groupId=test-group] Notifying assignor about the new Assignment(partitions=[])
2025-06-09T15:09:34.172+01:00  INFO 19772 --- [message-broker-lab] [ntainer#5-0-C-1] k.c.c.i.ConsumerRebalanceListenerInvoker : [Consumer clientId=consumer-test-group-6, groupId=test-group] Adding newly assigned partitions: 
2025-06-09T15:09:34.172+01:00  INFO 19772 --- [message-broker-lab] [ntainer#5-0-C-1] o.s.k.l.KafkaMessageListenerContainer    : test-group: partitions assigned: []
2025-06-09T15:09:34.172+01:00  INFO 19772 --- [message-broker-lab] [ntainer#1-0-C-1] o.a.k.c.c.internals.ConsumerCoordinator  : [Consumer clientId=consumer-test-2, groupId=test] Successfully synced group in generation Generation{generationId=2, memberId='consumer-test-2-fa2d607c-7249-4532-85a4-8adf2dd110b3', protocol='range'}
2025-06-09T15:09:34.172+01:00  INFO 19772 --- [message-broker-lab] [ntainer#0-0-C-1] o.a.k.c.c.internals.ConsumerCoordinator  : [Consumer clientId=consumer-test-1, groupId=test] Successfully synced group in generation Generation{generationId=2, memberId='consumer-test-1-29945ace-455c-4452-a8dd-74652f36afaf', protocol='range'}
2025-06-09T15:09:34.172+01:00  INFO 19772 --- [message-broker-lab] [ntainer#1-0-C-1] o.a.k.c.c.internals.ConsumerCoordinator  : [Consumer clientId=consumer-test-2, groupId=test] Notifying assignor about the new Assignment(partitions=[topic-two-0])
2025-06-09T15:09:34.172+01:00  INFO 19772 --- [message-broker-lab] [ntainer#1-0-C-1] k.c.c.i.ConsumerRebalanceListenerInvoker : [Consumer clientId=consumer-test-2, groupId=test] Adding newly assigned partitions: topic-two-0
2025-06-09T15:09:34.172+01:00  INFO 19772 --- [message-broker-lab] [ntainer#0-0-C-1] o.a.k.c.c.internals.ConsumerCoordinator  : [Consumer clientId=consumer-test-1, groupId=test] Notifying assignor about the new Assignment(partitions=[topic-one-0])
2025-06-09T15:09:34.172+01:00  INFO 19772 --- [message-broker-lab] [ntainer#0-0-C-1] k.c.c.i.ConsumerRebalanceListenerInvoker : [Consumer clientId=consumer-test-1, groupId=test] Adding newly assigned partitions: topic-one-0
2025-06-09T15:09:34.173+01:00  INFO 19772 --- [message-broker-lab] [ntainer#1-0-C-1] o.a.k.c.c.internals.ConsumerCoordinator  : [Consumer clientId=consumer-test-2, groupId=test] Found no committed offset for partition topic-two-0
2025-06-09T15:09:34.174+01:00  INFO 19772 --- [message-broker-lab] [ntainer#1-0-C-1] o.a.k.c.c.internals.ConsumerCoordinator  : [Consumer clientId=consumer-test-2, groupId=test] Found no committed offset for partition topic-two-0
2025-06-09T15:09:34.175+01:00  INFO 19772 --- [message-broker-lab] [ntainer#1-0-C-1] o.a.k.c.c.internals.SubscriptionState    : [Consumer clientId=consumer-test-2, groupId=test] Resetting offset for partition topic-two-0 to position FetchPosition{offset=1, offsetEpoch=Optional.empty, currentLeader=LeaderAndEpoch{leader=Optional[localhost:60877 (id: 0 rack: null)], epoch=0}}.
2025-06-09T15:09:34.175+01:00  INFO 19772 --- [message-broker-lab] [ntainer#2-0-C-1] o.a.k.c.c.internals.ConsumerUtils        : Setting offset for partition topic-one-0 to the committed offset FetchPosition{offset=1, offsetEpoch=Optional.empty, currentLeader=LeaderAndEpoch{leader=Optional[localhost:60877 (id: 0 rack: null)], epoch=0}}
2025-06-09T15:09:34.175+01:00  INFO 19772 --- [message-broker-lab] [ntainer#2-0-C-1] o.s.k.l.KafkaMessageListenerContainer    : test-group: partitions assigned: [topic-one-0]
2025-06-09T15:09:34.175+01:00  INFO 19772 --- [message-broker-lab] [ntainer#3-0-C-1] o.a.k.c.c.internals.ConsumerUtils        : Setting offset for partition topic-two-0 to the committed offset FetchPosition{offset=1, offsetEpoch=Optional.empty, currentLeader=LeaderAndEpoch{leader=Optional[localhost:60877 (id: 0 rack: null)], epoch=0}}
2025-06-09T15:09:34.175+01:00  INFO 19772 --- [message-broker-lab] [ntainer#3-0-C-1] o.s.k.l.KafkaMessageListenerContainer    : test-group: partitions assigned: [topic-two-0]
2025-06-09T15:09:34.176+01:00  INFO 19772 --- [message-broker-lab] [ntainer#0-0-C-1] o.a.k.c.c.internals.ConsumerUtils        : Setting offset for partition topic-one-0 to the committed offset FetchPosition{offset=1, offsetEpoch=Optional.empty, currentLeader=LeaderAndEpoch{leader=Optional[localhost:60877 (id: 0 rack: null)], epoch=0}}
2025-06-09T15:09:34.176+01:00  INFO 19772 --- [message-broker-lab] [ntainer#0-0-C-1] o.s.k.l.KafkaMessageListenerContainer    : test: partitions assigned: [topic-one-0]
2025-06-09T15:09:34.176+01:00  INFO 19772 --- [message-broker-lab] [ntainer#1-0-C-1] o.s.k.l.KafkaMessageListenerContainer    : test: partitions assigned: [topic-two-0]
2025-06-09T15:10:02.198+01:00  INFO 19772 --- [message-broker-lab] [ntainer#1-0-C-1] org.apache.kafka.clients.NetworkClient   : [Consumer clientId=consumer-test-8, groupId=test] Disconnecting from node -1 due to request timeout.
2025-06-09T15:10:02.198+01:00  INFO 19772 --- [message-broker-lab] [ntainer#0-0-C-1] org.apache.kafka.clients.NetworkClient   : [Consumer clientId=consumer-test-7, groupId=test] Disconnecting from node -1 due to request timeout.
2025-06-09T15:10:02.199+01:00  INFO 19772 --- [message-broker-lab] [ntainer#1-0-C-1] org.apache.kafka.clients.NetworkClient   : [Consumer clientId=consumer-test-8, groupId=test] Cancelled in-flight API_VERSIONS request with correlation id 1 due to node -1 being disconnected (elapsed time since creation: 30012ms, elapsed time since send: 30012ms, throttle time: 0ms, request timeout: 30000ms)
2025-06-09T15:10:02.199+01:00  INFO 19772 --- [message-broker-lab] [ntainer#0-0-C-1] org.apache.kafka.clients.NetworkClient   : [Consumer clientId=consumer-test-7, groupId=test] Cancelled in-flight API_VERSIONS request with correlation id 1 due to node -1 being disconnected (elapsed time since creation: 30018ms, elapsed time since send: 30018ms, throttle time: 0ms, request timeout: 30000ms)
2025-06-09T15:10:02.199+01:00  WARN 19772 --- [message-broker-lab] [ntainer#1-0-C-1] org.apache.kafka.clients.NetworkClient   : [Consumer clientId=consumer-test-8, groupId=test] Bootstrap broker localhost:9092 (id: -1 rack: null) disconnected
2025-06-09T15:10:02.199+01:00  WARN 19772 --- [message-broker-lab] [ntainer#0-0-C-1] org.apache.kafka.clients.NetworkClient   : [Consumer clientId=consumer-test-7, groupId=test] Bootstrap broker localhost:9092 (id: -1 rack: null) disconnected
2025-06-09T15:10:02.214+01:00  INFO 19772 --- [message-broker-lab] [ntainer#2-0-C-1] org.apache.kafka.clients.NetworkClient   : [Consumer clientId=consumer-test-group-9, groupId=test-group] Disconnecting from node -1 due to request timeout.
2025-06-09T15:10:02.214+01:00  INFO 19772 --- [message-broker-lab] [ntainer#2-0-C-1] org.apache.kafka.clients.NetworkClient   : [Consumer clientId=consumer-test-group-9, groupId=test-group] Cancelled in-flight API_VERSIONS request with correlation id 1 due to node -1 being disconnected (elapsed time since creation: 30016ms, elapsed time since send: 30016ms, throttle time: 0ms, request timeout: 30000ms)
2025-06-09T15:10:02.214+01:00  WARN 19772 --- [message-broker-lab] [ntainer#2-0-C-1] org.apache.kafka.clients.NetworkClient   : [Consumer clientId=consumer-test-group-9, groupId=test-group] Bootstrap broker localhost:9092 (id: -1 rack: null) disconnected
2025-06-09T15:10:02.304+01:00  INFO 19772 --- [message-broker-lab] [-lab-producer-1] org.apache.kafka.clients.NetworkClient   : [Producer clientId=message-broker-lab-producer-1] Disconnecting from node -1 due to request timeout.
2025-06-09T15:10:02.304+01:00  INFO 19772 --- [message-broker-lab] [-lab-producer-1] org.apache.kafka.clients.NetworkClient   : [Producer clientId=message-broker-lab-producer-1] Cancelled in-flight API_VERSIONS request with correlation id 0 due to node -1 being disconnected (elapsed time since creation: 30099ms, elapsed time since send: 30099ms, throttle time: 0ms, request timeout: 30000ms)
2025-06-09T15:10:02.304+01:00  WARN 19772 --- [message-broker-lab] [-lab-producer-1] org.apache.kafka.clients.NetworkClient   : [Producer clientId=message-broker-lab-producer-1] Bootstrap broker localhost:9092 (id: -1 rack: null) disconnected
2025-06-09T15:10:32.206+01:00 ERROR 19772 --- [message-broker-lab] [           main] o.s.k.support.LoggingProducerListener    : Exception thrown when sending a message with key='null' and payload='{key=value}' to topic test-topic:

org.apache.kafka.common.errors.TimeoutException: Topic test-topic not present in metadata after 60000 ms.

]]></system-out>
  </testcase>
</testsuite>